# JRE version: OpenJDK Runtime Environment Temurin-21.0.10+7 (21.0.10+7) (build 21.0.10+7-LTS)
# Java VM: OpenJDK 64-Bit Server VM Temurin-21.0.10+7 (21.0.10+7-LTS, mixed mode, sharing, tiered, compressed oops, compressed class ptrs, parallel gc, windows-amd64)
GC Precious Log:
 CardTable entry size: 512
 CPUs: 8 total, 8 available
 Memory: 7987M
 Large Page Support: Disabled
 NUMA Support: Disabled
 Compressed Oops: Enabled (32-bit)
 Alignments: Space 512K, Generation 512K, Heap 2M
 Heap Min Capacity: 100M
 Heap Initial Capacity: 100M
 Heap Max Capacity: 2G
 Pre-touch: Disabled
 Parallel Workers: 8
Heap:
 PSYoungGen      total 11264K, used 4435K [0x00000000d5580000, 0x00000000d6200000, 0x0000000100000000)
  eden space 10240K, 40% used [0x00000000d5580000,0x00000000d598e5f0,0x00000000d5f80000)
  from space 1024K, 27% used [0x00000000d6000000,0x00000000d6046900,0x00000000d6100000)
  to   space 512K, 0% used [0x00000000d6180000,0x00000000d6180000,0x00000000d6200000)
 ParOldGen       total 815104K, used 809696K [0x0000000080000000, 0x00000000b1c00000, 0x00000000d5580000)
  object space 815104K, 99% used [0x0000000080000000,0x00000000b16b8180,0x00000000b1c00000)
 Metaspace       used 82093K, committed 83968K, reserved 1179648K
  class space    used 8302K, committed 9152K, reserved 1048576K
GC Heap History (20 events):
Event: 2688.179 GC heap before
{Heap before GC invocations=1396 (full 4):
 PSYoungGen      total 10752K, used 10676K [0x00000000d5580000, 0x00000000d6280000, 0x0000000100000000)
  eden space 10240K, 100% used [0x00000000d5580000,0x00000000d5f80000,0x00000000d5f80000)
  from space 512K, 85% used [0x00000000d6100000,0x00000000d616d220,0x00000000d6180000)
  to   space 1024K, 0% used [0x00000000d6180000,0x00000000d6180000,0x00000000d6280000)
 ParOldGen       total 600576K, used 600282K [0x0000000080000000, 0x00000000a4a80000, 0x00000000d5580000)
  object space 600576K, 99% used [0x0000000080000000,0x00000000a4a368e0,0x00000000a4a80000)
 Metaspace       used 81874K, committed 83648K, reserved 1179648K
  class space    used 8301K, committed 9152K, reserved 1048576K
}
Event: 2688.186 GC heap after
{Heap after GC invocations=1396 (full 4):
 PSYoungGen      total 10752K, used 128K [0x00000000d5580000, 0x00000000d6200000, 0x0000000100000000)
  eden space 10240K, 0% used [0x00000000d5580000,0x00000000d5580000,0x00000000d5f80000)
  from space 512K, 25% used [0x00000000d6180000,0x00000000d61a0000,0x00000000d6200000)
  to   space 512K, 0% used [0x00000000d6100000,0x00000000d6100000,0x00000000d6180000)
 ParOldGen       total 600576K, used 600450K [0x0000000080000000, 0x00000000a4a80000, 0x00000000d5580000)
  object space 600576K, 99% used [0x0000000080000000,0x00000000a4a60900,0x00000000a4a80000)
 Metaspace       used 81874K, committed 83648K, reserved 1179648K
  class space    used 8301K, committed 9152K, reserved 1048576K
}
Event: 2896.949 GC heap before
{Heap before GC invocations=1397 (full 4):
 PSYoungGen      total 10752K, used 10368K [0x00000000d5580000, 0x00000000d6200000, 0x0000000100000000)
  eden space 10240K, 100% used [0x00000000d5580000,0x00000000d5f80000,0x00000000d5f80000)
  from space 512K, 25% used [0x00000000d6180000,0x00000000d61a0000,0x00000000d6200000)
  to   space 512K, 0% used [0x00000000d6100000,0x00000000d6100000,0x00000000d6180000)
 ParOldGen       total 600576K, used 600450K [0x0000000080000000, 0x00000000a4a80000, 0x00000000d5580000)
  object space 600576K, 99% used [0x0000000080000000,0x00000000a4a60900,0x00000000a4a80000)
 Metaspace       used 81893K, committed 83776K, reserved 1179648K
  class space    used 8301K, committed 9152K, reserved 1048576K
}
Event: 2896.970 GC heap after
{Heap after GC invocations=1397 (full 4):
 PSYoungGen      total 10752K, used 490K [0x00000000d5580000, 0x00000000d6200000, 0x0000000100000000)
  eden space 10240K, 0% used [0x00000000d5580000,0x00000000d5580000,0x00000000d5f80000)
  from space 512K, 95% used [0x00000000d6100000,0x00000000d617a910,0x00000000d6180000)
  to   space 512K, 0% used [0x00000000d6180000,0x00000000d6180000,0x00000000d6200000)
 ParOldGen       total 601088K, used 600601K [0x0000000080000000, 0x00000000a4b00000, 0x00000000d5580000)
  object space 601088K, 99% used [0x0000000080000000,0x00000000a4a86490,0x00000000a4b00000)
 Metaspace       used 81893K, committed 83776K, reserved 1179648K
  class space    used 8301K, committed 9152K, reserved 1048576K
}
Event: 3193.581 GC heap before
{Heap before GC invocations=1398 (full 4):
 PSYoungGen      total 10752K, used 10730K [0x00000000d5580000, 0x00000000d6200000, 0x0000000100000000)
  eden space 10240K, 100% used [0x00000000d5580000,0x00000000d5f80000,0x00000000d5f80000)
  from space 512K, 95% used [0x00000000d6100000,0x00000000d617a910,0x00000000d6180000)
  to   space 512K, 0% used [0x00000000d6180000,0x00000000d6180000,0x00000000d6200000)
 ParOldGen       total 601088K, used 600601K [0x0000000080000000, 0x00000000a4b00000, 0x00000000d5580000)
  object space 601088K, 99% used [0x0000000080000000,0x00000000a4a86490,0x00000000a4b00000)
 Metaspace       used 81932K, committed 83776K, reserved 1179648K
  class space    used 8301K, committed 9152K, reserved 1048576K
}
Event: 3193.604 GC heap after
{Heap after GC invocations=1398 (full 4):
 PSYoungGen      total 10752K, used 288K [0x00000000d5580000, 0x00000000d6200000, 0x0000000100000000)
  eden space 10240K, 0% used [0x00000000d5580000,0x00000000d5580000,0x00000000d5f80000)
  from space 512K, 56% used [0x00000000d6180000,0x00000000d61c8000,0x00000000d6200000)
  to   space 512K, 0% used [0x00000000d6100000,0x00000000d6100000,0x00000000d6180000)
 ParOldGen       total 601088K, used 600971K [0x0000000080000000, 0x00000000a4b00000, 0x00000000d5580000)
  object space 601088K, 99% used [0x0000000080000000,0x00000000a4ae2db0,0x00000000a4b00000)
 Metaspace       used 81932K, committed 83776K, reserved 1179648K
  class space    used 8301K, committed 9152K, reserved 1048576K
}
Event: 3193.731 GC heap before
{Heap before GC invocations=1399 (full 4):
 PSYoungGen      total 10752K, used 10528K [0x00000000d5580000, 0x00000000d6200000, 0x0000000100000000)
  eden space 10240K, 100% used [0x00000000d5580000,0x00000000d5f80000,0x00000000d5f80000)
  from space 512K, 56% used [0x00000000d6180000,0x00000000d61c8000,0x00000000d6200000)
  to   space 512K, 0% used [0x00000000d6100000,0x00000000d6100000,0x00000000d6180000)
 ParOldGen       total 624640K, used 624011K [0x0000000080000000, 0x00000000a6200000, 0x00000000d5580000)
  object space 624640K, 99% used [0x0000000080000000,0x00000000a6162dd0,0x00000000a6200000)
 Metaspace       used 81938K, committed 83776K, reserved 1179648K
  class space    used 8301K, committed 9152K, reserved 1048576K
}
Event: 3193.735 GC heap after
{Heap after GC invocations=1399 (full 4):
 PSYoungGen      total 10752K, used 256K [0x00000000d5580000, 0x00000000d6200000, 0x0000000100000000)
  eden space 10240K, 0% used [0x00000000d5580000,0x00000000d5580000,0x00000000d5f80000)
  from space 512K, 50% used [0x00000000d6100000,0x00000000d6140000,0x00000000d6180000)
  to   space 512K, 0% used [0x00000000d6180000,0x00000000d6180000,0x00000000d6200000)
 ParOldGen       total 624640K, used 624179K [0x0000000080000000, 0x00000000a6200000, 0x00000000d5580000)
  object space 624640K, 99% used [0x0000000080000000,0x00000000a618cdd0,0x00000000a6200000)
 Metaspace       used 81938K, committed 83776K, reserved 1179648K
  class space    used 8301K, committed 9152K, reserved 1048576K
}
Event: 3201.037 GC heap before
{Heap before GC invocations=1400 (full 4):
 PSYoungGen      total 10752K, used 10496K [0x00000000d5580000, 0x00000000d6200000, 0x0000000100000000)
  eden space 10240K, 100% used [0x00000000d5580000,0x00000000d5f80000,0x00000000d5f80000)
  from space 512K, 50% used [0x00000000d6100000,0x00000000d6140000,0x00000000d6180000)
  to   space 512K, 0% used [0x00000000d6180000,0x00000000d6180000,0x00000000d6200000)
 ParOldGen       total 688128K, used 685619K [0x0000000080000000, 0x00000000aa000000, 0x00000000d5580000)
  object space 688128K, 99% used [0x0000000080000000,0x00000000a9d8ce30,0x00000000aa000000)
 Metaspace       used 81983K, committed 83840K, reserved 1179648K
  class space    used 8301K, committed 9152K, reserved 1048576K
}
Event: 3201.042 GC heap after
{Heap after GC invocations=1400 (full 4):
 PSYoungGen      total 10752K, used 400K [0x00000000d5580000, 0x00000000d6200000, 0x0000000100000000)
  eden space 10240K, 0% used [0x00000000d5580000,0x00000000d5580000,0x00000000d5f80000)
  from space 512K, 78% used [0x00000000d6180000,0x00000000d61e4030,0x00000000d6200000)
  to   space 512K, 0% used [0x00000000d6100000,0x00000000d6100000,0x00000000d6180000)
 ParOldGen       total 688128K, used 685667K [0x0000000080000000, 0x00000000aa000000, 0x00000000d5580000)
  object space 688128K, 99% used [0x0000000080000000,0x00000000a9d98e30,0x00000000aa000000)
 Metaspace       used 81983K, committed 83840K, reserved 1179648K
  class space    used 8301K, committed 9152K, reserved 1048576K
}
Event: 3221.119 GC heap before
{Heap before GC invocations=1401 (full 4):
 PSYoungGen      total 10752K, used 10640K [0x00000000d5580000, 0x00000000d6200000, 0x0000000100000000)
  eden space 10240K, 100% used [0x00000000d5580000,0x00000000d5f80000,0x00000000d5f80000)
  from space 512K, 78% used [0x00000000d6180000,0x00000000d61e4030,0x00000000d6200000)
  to   space 512K, 0% used [0x00000000d6100000,0x00000000d6100000,0x00000000d6180000)
 ParOldGen       total 751616K, used 747107K [0x0000000080000000, 0x00000000ade00000, 0x00000000d5580000)
  object space 751616K, 99% used [0x0000000080000000,0x00000000ad998e90,0x00000000ade00000)
 Metaspace       used 82025K, committed 83904K, reserved 1179648K
  class space    used 8301K, committed 9152K, reserved 1048576K
}
Event: 3221.122 GC heap after
{Heap after GC invocations=1401 (full 4):
 PSYoungGen      total 10752K, used 352K [0x00000000d5580000, 0x00000000d6200000, 0x0000000100000000)
  eden space 10240K, 0% used [0x00000000d5580000,0x00000000d5580000,0x00000000d5f80000)
  from space 512K, 68% used [0x00000000d6100000,0x00000000d6158020,0x00000000d6180000)
  to   space 512K, 0% used [0x00000000d6180000,0x00000000d6180000,0x00000000d6200000)
 ParOldGen       total 751616K, used 747251K [0x0000000080000000, 0x00000000ade00000, 0x00000000d5580000)
  object space 751616K, 99% used [0x0000000080000000,0x00000000ad9bcec0,0x00000000ade00000)
 Metaspace       used 82025K, committed 83904K, reserved 1179648K
  class space    used 8301K, committed 9152K, reserved 1048576K
}
Event: 3225.050 GC heap before
{Heap before GC invocations=1402 (full 4):
 PSYoungGen      total 10752K, used 10592K [0x00000000d5580000, 0x00000000d6200000, 0x0000000100000000)
  eden space 10240K, 100% used [0x00000000d5580000,0x00000000d5f80000,0x00000000d5f80000)
  from space 512K, 68% used [0x00000000d6100000,0x00000000d6158020,0x00000000d6180000)
  to   space 512K, 0% used [0x00000000d6180000,0x00000000d6180000,0x00000000d6200000)
 ParOldGen       total 815104K, used 808691K [0x0000000080000000, 0x00000000b1c00000, 0x00000000d5580000)
  object space 815104K, 99% used [0x0000000080000000,0x00000000b15bcf20,0x00000000b1c00000)
 Metaspace       used 82039K, committed 83904K, reserved 1179648K
  class space    used 8301K, committed 9152K, reserved 1048576K
}
Event: 3225.056 GC heap after
{Heap after GC invocations=1402 (full 4):
 PSYoungGen      total 10752K, used 224K [0x00000000d5580000, 0x00000000d6200000, 0x0000000100000000)
  eden space 10240K, 0% used [0x00000000d5580000,0x00000000d5580000,0x00000000d5f80000)
  from space 512K, 43% used [0x00000000d6180000,0x00000000d61b8000,0x00000000d6200000)
  to   space 512K, 0% used [0x00000000d6100000,0x00000000d6100000,0x00000000d6180000)
 ParOldGen       total 815104K, used 808819K [0x0000000080000000, 0x00000000b1c00000, 0x00000000d5580000)
  object space 815104K, 99% used [0x0000000080000000,0x00000000b15dcf50,0x00000000b1c00000)
 Metaspace       used 82039K, committed 83904K, reserved 1179648K
  class space    used 8301K, committed 9152K, reserved 1048576K
}
Event: 3309.755 GC heap before
{Heap before GC invocations=1403 (full 4):
 PSYoungGen      total 10752K, used 10464K [0x00000000d5580000, 0x00000000d6200000, 0x0000000100000000)
  eden space 10240K, 100% used [0x00000000d5580000,0x00000000d5f80000,0x00000000d5f80000)
  from space 512K, 43% used [0x00000000d6180000,0x00000000d61b8000,0x00000000d6200000)
  to   space 512K, 0% used [0x00000000d6100000,0x00000000d6100000,0x00000000d6180000)
 ParOldGen       total 815104K, used 808819K [0x0000000080000000, 0x00000000b1c00000, 0x00000000d5580000)
  object space 815104K, 99% used [0x0000000080000000,0x00000000b15dcf50,0x00000000b1c00000)
 Metaspace       used 82058K, committed 83904K, reserved 1179648K
  class space    used 8301K, committed 9152K, reserved 1048576K
}
Event: 3309.761 GC heap after
{Heap after GC invocations=1403 (full 4):
 PSYoungGen      total 10752K, used 484K [0x00000000d5580000, 0x00000000d6200000, 0x0000000100000000)
  eden space 10240K, 0% used [0x00000000d5580000,0x00000000d5580000,0x00000000d5f80000)
  from space 512K, 94% used [0x00000000d6100000,0x00000000d6179210,0x00000000d6180000)
  to   space 512K, 0% used [0x00000000d6180000,0x00000000d6180000,0x00000000d6200000)
 ParOldGen       total 815104K, used 808947K [0x0000000080000000, 0x00000000b1c00000, 0x00000000d5580000)
  object space 815104K, 99% used [0x0000000080000000,0x00000000b15fcf50,0x00000000b1c00000)
 Metaspace       used 82058K, committed 83904K, reserved 1179648K
  class space    used 8301K, committed 9152K, reserved 1048576K
}
Event: 3792.438 GC heap before
{Heap before GC invocations=1404 (full 4):
 PSYoungGen      total 10752K, used 10724K [0x00000000d5580000, 0x00000000d6200000, 0x0000000100000000)
  eden space 10240K, 100% used [0x00000000d5580000,0x00000000d5f80000,0x00000000d5f80000)
  from space 512K, 94% used [0x00000000d6100000,0x00000000d6179210,0x00000000d6180000)
  to   space 512K, 0% used [0x00000000d6180000,0x00000000d6180000,0x00000000d6200000)
 ParOldGen       total 815104K, used 808947K [0x0000000080000000, 0x00000000b1c00000, 0x00000000d5580000)
  object space 815104K, 99% used [0x0000000080000000,0x00000000b15fcf50,0x00000000b1c00000)
 Metaspace       used 82073K, committed 83968K, reserved 1179648K
  class space    used 8302K, committed 9152K, reserved 1048576K
}
Event: 3792.491 GC heap after
{Heap after GC invocations=1404 (full 4):
 PSYoungGen      total 10752K, used 500K [0x00000000d5580000, 0x00000000d6200000, 0x0000000100000000)
  eden space 10240K, 0% used [0x00000000d5580000,0x00000000d5580000,0x00000000d5f80000)
  from space 512K, 97% used [0x00000000d6180000,0x00000000d61fd210,0x00000000d6200000)
  to   space 1024K, 0% used [0x00000000d6000000,0x00000000d6000000,0x00000000d6100000)
 ParOldGen       total 815104K, used 809352K [0x0000000080000000, 0x00000000b1c00000, 0x00000000d5580000)
  object space 815104K, 99% used [0x0000000080000000,0x00000000b1662170,0x00000000b1c00000)
 Metaspace       used 82073K, committed 83968K, reserved 1179648K
  class space    used 8302K, committed 9152K, reserved 1048576K
}
Event: 3792.815 GC heap before
{Heap before GC invocations=1405 (full 4):
 PSYoungGen      total 10752K, used 10740K [0x00000000d5580000, 0x00000000d6200000, 0x0000000100000000)
  eden space 10240K, 100% used [0x00000000d5580000,0x00000000d5f80000,0x00000000d5f80000)
  from space 512K, 97% used [0x00000000d6180000,0x00000000d61fd210,0x00000000d6200000)
  to   space 1024K, 0% used [0x00000000d6000000,0x00000000d6000000,0x00000000d6100000)
 ParOldGen       total 815104K, used 809352K [0x0000000080000000, 0x00000000b1c00000, 0x00000000d5580000)
  object space 815104K, 99% used [0x0000000080000000,0x00000000b1662170,0x00000000b1c00000)
 Metaspace       used 82081K, committed 83968K, reserved 1179648K
  class space    used 8302K, committed 9152K, reserved 1048576K
}
Event: 3792.822 GC heap after
{Heap after GC invocations=1405 (full 4):
 PSYoungGen      total 11264K, used 282K [0x00000000d5580000, 0x00000000d6200000, 0x0000000100000000)
  eden space 10240K, 0% used [0x00000000d5580000,0x00000000d5580000,0x00000000d5f80000)
  from space 1024K, 27% used [0x00000000d6000000,0x00000000d6046900,0x00000000d6100000)
  to   space 512K, 0% used [0x00000000d6180000,0x00000000d6180000,0x00000000d6200000)
 ParOldGen       total 815104K, used 809696K [0x0000000080000000, 0x00000000b1c00000, 0x00000000d5580000)
  object space 815104K, 99% used [0x0000000080000000,0x00000000b16b8180,0x00000000b1c00000)
 Metaspace       used 82081K, committed 83968K, reserved 1179648K
  class space    used 8302K, committed 9152K, reserved 1048576K
}

